2016-01-22 15:52:00  INFO 初始化配置变量信息
2016-01-22 15:52:00  INFO 初始化配置完成
2016-01-22 15:52:00  INFO 开始启动程序 时间区间为 2016-01-01 08:00:00 -- 2016-01-21 00:00:00  
2016-01-22 15:52:00  INFO 当前导入简历的爬取时间区间为 1451606400000 -- 1453305600000
2016-01-22 15:52:00  INFO 当前统计简历数据的时间区间为 2015-12-31 08:00:00 -- 2016-01-01 08:00:00  
CountThread                : ERROR    数据库连接超时， 异常信息： 10.204.243.241:27017: timed out
YingcaiThread              : INFO     当前时间段内查找到的简历条数是：12391
YingcaiThread              : ERROR     插入数据时 数据库连接超时， 异常信息： 10.204.243.241:27017: timed out
YingcaiThread              : ERROR     插入数据时 数据库连接超时， 异常信息： 10.204.243.241:27017: timed out
2016-01-22 15:54:21  INFO 初始化配置变量信息
2016-01-22 15:54:21  INFO 初始化配置完成
2016-01-22 15:54:21  INFO 开始启动程序 时间区间为 2016-01-01 08:00:00 -- 2016-01-21 00:00:00  
2016-01-22 15:54:21  INFO 当前导入简历的爬取时间区间为 1451606400000 -- 1453305600000
2016-01-22 15:54:21  INFO 当前统计简历数据的时间区间为 2015-12-31 08:00:00 -- 2016-01-01 08:00:00  
CountThread                : INFO     当前时间段内查找到的简历总数据条数是：0
CountThread                : INFO     当前时间段内查找到的简历flag 为 0 时条数是：0
CountThread                : INFO     当前时间段内查找到的简历flag 为 1 时条数是：0
CountThread                : INFO     当前时间段内查找到的简历status 为 0时的条数是：0
CountThread                : INFO     当前时间段内查找到的简历status 为 1条数是：0
CountThread                : INFO     当前时间段内查找到的简历status 为 2条数是：0
QcwyThread                 : INFO     当前时间段内查找到的简历条数是：362428
2016-01-22 15:55:54  INFO 初始化配置变量信息
2016-01-22 15:55:54  INFO 初始化配置完成
2016-01-22 15:55:54  INFO 开始启动程序 时间区间为 2016-01-01 08:00:00 -- 2016-01-21 00:00:00  
2016-01-22 15:55:54  INFO 当前导入简历的爬取时间区间为 1451606400000 -- 1453305600000
2016-01-22 15:55:54  INFO 当前统计简历数据的时间区间为 2015-12-31 08:00:00 -- 2016-01-01 08:00:00  
CountThread                : INFO     当前时间段内查找到的简历总数据条数是：0
CountThread                : INFO     当前时间段内查找到的简历flag 为 0 时条数是：0
CountThread                : INFO     当前时间段内查找到的简历flag 为 1 时条数是：0
CountThread                : INFO     当前时间段内查找到的简历status 为 0时的条数是：0
CountThread                : INFO     当前时间段内查找到的简历status 为 1条数是：0
CountThread                : INFO     当前时间段内查找到的简历status 为 2条数是：0
ZhilianThread              : INFO     当前时间段内查找到的简历条数是：19910
ZhilianThread              : INFO     智联完成导入 1000 条数据，一共耗时 130 秒 ！
